WARNING:root:Setting up a new session...
not initialized
baseoptions_intitialize
trainOPtions_intizlize
-------------------Options--------------------
batch_size              :                               160	[default:80]
beta1                   :                               0.5
checkpoints_dir         :                     ./checkpoints
class_weight            :                             False
continue_train          :                             False
dataroot                :               /disk3/gcy/ImgTrain	[default:dataset/plate/]
display_env             :                              main
display_id              :                                 2	[default:1]
display_ncols           :                                 4
display_port            :                             10101	[default:10001]
display_server          :                http://10.25.0.246
fineSize                :                               224
gpu_ids                 :                               0,1
isTrain                 :                              True	[default:None]
loadSize                :                               256
lr                      :                            0.0002
lr_decay_iters          :                                50
lr_policy               :                            lambda
model                   :                  resnext101_32x4d	[default:none]
name                    :1007_resnext101_32x4d_without_pretrained	[default:None]
niter                   :                               100
phase                   :                             train
save_epoch_freq         :                                10
which_epoch             :                            latest
-------------------Options--------------------

cuda:0
plate dataset ...
dataset size:
46291
train_test_split...
train_test_split done!
split process time:881.1861479282379
#training images 

{'train': 41291, 'val': 5000}
Epoch 0/99
----------
train Loss: 0.4469 ACC: 0.8092
val Loss: 0.3003 ACC: 0.8830
one epoch724.0214529037476
Epoch 1/99
----------
train Loss: 0.3032 ACC: 0.8772
val Loss: 0.2979 ACC: 0.8798
one epoch701.1569080352783
Epoch 2/99
----------
train Loss: 0.2891 ACC: 0.8830
val Loss: 0.4081 ACC: 0.8564
one epoch703.6816644668579
Epoch 3/99
----------
train Loss: 0.2596 ACC: 0.8945
val Loss: 0.2529 ACC: 0.8976
one epoch704.8615438938141
Epoch 4/99
----------
train Loss: 0.2391 ACC: 0.9035
val Loss: 0.1906 ACC: 0.9246
one epoch703.3460206985474
Epoch 5/99
----------
train Loss: 0.2084 ACC: 0.9163
val Loss: 0.1719 ACC: 0.9312
one epoch702.0120184421539
Epoch 6/99
----------
train Loss: 0.1848 ACC: 0.9278
val Loss: 0.1468 ACC: 0.9448
one epoch700.0248692035675
Epoch 7/99
----------
train Loss: 0.1787 ACC: 0.9308
val Loss: 0.1843 ACC: 0.9236
one epoch699.7249505519867
Epoch 8/99
----------
train Loss: 0.1564 ACC: 0.9403
val Loss: 0.1206 ACC: 0.9544
one epoch701.0955443382263
Epoch 9/99
----------
train Loss: 0.1514 ACC: 0.9422
val Loss: 0.1650 ACC: 0.9444
one epoch700.8701374530792
Epoch 10/99
----------
train Loss: 0.1375 ACC: 0.9475
val Loss: 0.1753 ACC: 0.9276
one epoch704.4349348545074
Epoch 11/99
----------
train Loss: 0.1287 ACC: 0.9522
val Loss: 0.1070 ACC: 0.9610
one epoch699.4441123008728
Epoch 12/99
----------
train Loss: 0.1287 ACC: 0.9503
val Loss: 0.1365 ACC: 0.9608
one epoch701.9570083618164
Epoch 13/99
----------
train Loss: 0.1124 ACC: 0.9575
val Loss: 0.0992 ACC: 0.9604
one epoch701.1173131465912
Epoch 14/99
----------
train Loss: 0.1151 ACC: 0.9561
val Loss: 0.1104 ACC: 0.9630
one epoch700.3122005462646
Epoch 15/99
----------
train Loss: 0.1060 ACC: 0.9596
val Loss: 0.0898 ACC: 0.9650
one epoch701.4511737823486
Epoch 16/99
----------
train Loss: 0.1035 ACC: 0.9616
val Loss: 0.0888 ACC: 0.9642
one epoch700.0380246639252
Epoch 17/99
----------
train Loss: 0.0979 ACC: 0.9633
val Loss: 0.0871 ACC: 0.9692
one epoch699.2147269248962
Epoch 18/99
----------
train Loss: 0.0949 ACC: 0.9641
val Loss: 0.0819 ACC: 0.9676
one epoch701.328310251236
Epoch 19/99
----------
train Loss: 0.1111 ACC: 0.9576
val Loss: 0.0993 ACC: 0.9620
one epoch700.6255116462708
Epoch 20/99
----------
train Loss: 0.0966 ACC: 0.9642
val Loss: 0.0916 ACC: 0.9668
one epoch702.7253503799438
Epoch 21/99
----------
train Loss: 0.0970 ACC: 0.9636
val Loss: 0.0821 ACC: 0.9698
one epoch700.8599467277527
Epoch 22/99
----------
train Loss: 0.0950 ACC: 0.9641
val Loss: 0.0707 ACC: 0.9726
one epoch699.6593372821808
Epoch 23/99
----------
train Loss: 0.0834 ACC: 0.9680
val Loss: 0.0815 ACC: 0.9698
one epoch699.8340034484863
Epoch 24/99
----------
train Loss: 0.0823 ACC: 0.9682
val Loss: 0.1400 ACC: 0.9528
one epoch700.0993511676788
Epoch 25/99
----------
train Loss: 0.0906 ACC: 0.9659
val Loss: 0.1258 ACC: 0.9544
one epoch701.802802324295
Epoch 26/99
----------
train Loss: 0.0941 ACC: 0.9647
val Loss: 0.0953 ACC: 0.9726
one epoch701.3228826522827
Epoch 27/99
----------
train Loss: 0.0883 ACC: 0.9668
val Loss: 0.0830 ACC: 0.9698
one epoch699.9805517196655
Epoch 28/99
----------
train Loss: 0.0867 ACC: 0.9675
val Loss: 0.0758 ACC: 0.9712
one epoch700.1407809257507
Epoch 29/99
----------
train Loss: 0.0849 ACC: 0.9677
val Loss: 0.0637 ACC: 0.9764
one epoch700.6064665317535
Epoch 30/99
----------
train Loss: 0.0750 ACC: 0.9714
val Loss: 0.0804 ACC: 0.9706
one epoch703.5073869228363
Epoch 31/99
----------
train Loss: 0.0693 ACC: 0.9737
val Loss: 0.0804 ACC: 0.9728
one epoch700.6834127902985
Epoch 32/99
----------
train Loss: 0.0728 ACC: 0.9728
val Loss: 0.0516 ACC: 0.9784
one epoch700.3696985244751
Epoch 33/99
----------
train Loss: 0.0635 ACC: 0.9760
val Loss: 0.0871 ACC: 0.9664
one epoch701.5777328014374
Epoch 34/99
----------
train Loss: 0.0835 ACC: 0.9677
val Loss: 0.1029 ACC: 0.9644
one epoch700.2345521450043
Epoch 35/99
----------
train Loss: 0.0707 ACC: 0.9725
val Loss: 0.0634 ACC: 0.9758
one epoch701.4306740760803
Epoch 36/99
----------
train Loss: 0.0629 ACC: 0.9756
val Loss: 0.1434 ACC: 0.9670
one epoch701.3662872314453
Epoch 37/99
----------
train Loss: 0.0683 ACC: 0.9747
val Loss: 0.0937 ACC: 0.9704
one epoch699.9646353721619
Epoch 38/99
----------
train Loss: 0.0721 ACC: 0.9727
val Loss: 0.1266 ACC: 0.9570
one epoch700.8318634033203
Epoch 39/99
----------
train Loss: 0.0650 ACC: 0.9757
val Loss: 0.0835 ACC: 0.9730
one epoch699.9109742641449
Epoch 40/99
----------
train Loss: 0.0673 ACC: 0.9751
val Loss: 0.0506 ACC: 0.9792
one epoch703.2081868648529
Epoch 41/99
----------
train Loss: 0.0627 ACC: 0.9762
val Loss: 0.0732 ACC: 0.9738
one epoch698.6914885044098
Epoch 42/99
----------
train Loss: 0.0550 ACC: 0.9792
val Loss: 0.0640 ACC: 0.9756
one epoch701.8411569595337
Epoch 43/99
----------
train Loss: 0.0606 ACC: 0.9763
val Loss: 0.0535 ACC: 0.9792
one epoch700.6830682754517
Epoch 44/99
----------
train Loss: 0.0584 ACC: 0.9770
val Loss: 0.0937 ACC: 0.9712
one epoch700.3269090652466
Epoch 45/99
----------
train Loss: 0.0573 ACC: 0.9781
val Loss: 0.1343 ACC: 0.9560
one epoch702.1591606140137
Epoch 46/99
----------
train Loss: 0.0561 ACC: 0.9786
val Loss: 0.0715 ACC: 0.9734
one epoch701.4870102405548
Epoch 47/99
----------
train Loss: 0.0557 ACC: 0.9787
val Loss: 0.0725 ACC: 0.9756
one epoch700.143933057785
Epoch 48/99
----------
train Loss: 0.0719 ACC: 0.9718
val Loss: 0.0664 ACC: 0.9764
one epoch701.5091106891632
Epoch 49/99
----------
train Loss: 0.0621 ACC: 0.9755
val Loss: 0.0771 ACC: 0.9740
one epoch702.2242527008057
Epoch 50/99
----------
train Loss: 0.0554 ACC: 0.9788
val Loss: 0.0771 ACC: 0.9742
one epoch702.9513087272644
Epoch 51/99
----------
train Loss: 0.0496 ACC: 0.9812
val Loss: 0.0655 ACC: 0.9764
one epoch699.6940088272095
Epoch 52/99
----------
train Loss: 0.0506 ACC: 0.9795
val Loss: 0.0911 ACC: 0.9722
one epoch709.5980525016785
Epoch 53/99
----------
train Loss: 0.0543 ACC: 0.9791
val Loss: 0.0801 ACC: 0.9704
one epoch706.135214805603
Epoch 54/99
----------
train Loss: 0.0558 ACC: 0.9783
val Loss: 0.0841 ACC: 0.9798
one epoch702.1697380542755
Epoch 55/99
----------
train Loss: 0.0540 ACC: 0.9785
val Loss: 0.0593 ACC: 0.9814
one epoch703.5777201652527
Epoch 56/99
----------
train Loss: 0.0491 ACC: 0.9809
val Loss: 0.0769 ACC: 0.9710
one epoch702.8168449401855
Epoch 57/99
----------
train Loss: 0.0554 ACC: 0.9784
val Loss: 0.0445 ACC: 0.9838
one epoch701.0647644996643
Epoch 58/99
----------
train Loss: 0.0529 ACC: 0.9796
val Loss: 0.0663 ACC: 0.9770
one epoch701.0433297157288
Epoch 59/99
----------
train Loss: 0.0557 ACC: 0.9782
val Loss: 0.0469 ACC: 0.9816
one epoch699.8169903755188
Epoch 60/99
----------
train Loss: 0.0620 ACC: 0.9771
val Loss: 0.0760 ACC: 0.9748
one epoch708.7819983959198
Epoch 61/99
----------
train Loss: 0.0509 ACC: 0.9813
val Loss: 0.0482 ACC: 0.9824
one epoch700.8367760181427
Epoch 62/99
----------
train Loss: 0.0522 ACC: 0.9803
val Loss: 0.0512 ACC: 0.9802
one epoch698.69935297966
Epoch 63/99
----------
train Loss: 0.0464 ACC: 0.9822
val Loss: 0.0399 ACC: 0.9846
one epoch702.8954062461853
Epoch 64/99
----------
train Loss: 0.0432 ACC: 0.9838
val Loss: 0.0593 ACC: 0.9776
one epoch703.3679769039154
Epoch 65/99
----------
train Loss: 0.0417 ACC: 0.9842
val Loss: 0.0486 ACC: 0.9814
one epoch700.4600191116333
Epoch 66/99
----------
train Loss: 0.0433 ACC: 0.9835
val Loss: 0.0569 ACC: 0.9790
one epoch703.2722125053406
Epoch 67/99
----------
train Loss: 0.0386 ACC: 0.9859
val Loss: 0.0827 ACC: 0.9726
one epoch701.2198994159698
Epoch 68/99
----------
train Loss: 0.0447 ACC: 0.9830
val Loss: 0.0441 ACC: 0.9828
one epoch702.0485978126526
Epoch 69/99
----------
train Loss: 0.0382 ACC: 0.9848
val Loss: 0.0587 ACC: 0.9812
one epoch704.2361073493958
Epoch 70/99
----------
train Loss: 0.0435 ACC: 0.9838
val Loss: 0.0402 ACC: 0.9846
one epoch705.5265688896179
Epoch 71/99
----------
train Loss: 0.0369 ACC: 0.9860
val Loss: 0.0457 ACC: 0.9824
one epoch700.8117687702179
Epoch 72/99
----------
train Loss: 0.0399 ACC: 0.9843
val Loss: 0.0427 ACC: 0.9814
one epoch701.9992115497589
Epoch 73/99
----------
train Loss: 0.0368 ACC: 0.9856
val Loss: 0.1153 ACC: 0.9580
one epoch700.8416910171509
Epoch 74/99
----------
train Loss: 0.0379 ACC: 0.9853
val Loss: 0.0572 ACC: 0.9788
one epoch701.4749600887299
Epoch 75/99
----------
train Loss: 0.0366 ACC: 0.9861
val Loss: 0.1095 ACC: 0.9652
one epoch701.3635740280151
Epoch 76/99
----------
train Loss: 0.0422 ACC: 0.9840
val Loss: 0.0517 ACC: 0.9830
one epoch701.2953813076019
Epoch 77/99
----------
train Loss: 0.0393 ACC: 0.9853
val Loss: 0.0614 ACC: 0.9798
one epoch700.468471288681
Epoch 78/99
----------
Killed
